#
# There is insufficient memory for the Java Runtime Environment to continue.
# Native memory allocation (malloc) failed to allocate 1048576 bytes for AllocateHeap
# Possible reasons:
#   The system is out of physical RAM or swap space
#   The process is running with CompressedOops enabled, and the Java Heap may be blocking the growth of the native heap
# Possible solutions:
#   Reduce memory load on the system
#   Increase physical memory or swap space
#   Check if swap backing store is full
#   Decrease Java heap size (-Xmx/-Xms)
#   Decrease number of Java threads
#   Decrease Java thread stack sizes (-Xss)
#   Set larger code cache with -XX:ReservedCodeCacheSize=
#   JVM is running with Unscaled Compressed Oops mode in which the Java heap is
#     placed in the first 4GB address space. The Java Heap base address is the
#     maximum limit for the native heap growth. Please use -XX:HeapBaseMinAddress
#     to set the Java Heap base and to place the Java Heap above 4GB virtual address.
# This output file may be truncated or incomplete.
#
#  Out of Memory Error (./src/hotspot/share/memory/allocation.cpp:46), pid=28592, tid=11176
#
# JRE version: OpenJDK Runtime Environment JBR-11.0.8.10-944.34-jcef (11.0.8+10) (build 11.0.8+10-b944.34)
# Java VM: OpenJDK 64-Bit Server VM JBR-11.0.8.10-944.34-jcef (11.0.8+10-b944.34, mixed mode, tiered, compressed oops, g1 gc, windows-amd64)
# No core dump will be written. Minidumps are not enabled by default on client versions of Windows
#

---------------  S U M M A R Y ------------

Command Line: org.jetbrains.git4idea.http.GitAskPassApp Username for 'https://github.com': 

Host: Intel(R) Core(TM) i7-10510U CPU @ 1.80GHz, 8 cores, 7G,  Windows 10 , 64 bit Build 19041 (10.0.19041.292)
Time: Sat May  1 14:33:25 2021 RTZ 2 (зима) elapsed time: 0 seconds (0d 0h 0m 0s)

---------------  T H R E A D  ---------------

Current thread (0x00000183463c7800):  VMThread "VM Thread" [stack: 0x000000070b300000,0x000000070b400000] [id=11176]

Stack: [0x000000070b300000,0x000000070b400000]
[error occurred during error reporting (printing stack bounds), id 0xc0000005, EXCEPTION_ACCESS_VIOLATION (0xc0000005) at pc=0x000001832fbe0dad]

Native frames: (J=compiled Java code, j=interpreted, Vv=VM code, C=native code)
V  [jvm.dll+0x5de35a]
V  [jvm.dll+0x712355]
V  [jvm.dll+0x7138ad]
V  [jvm.dll+0x713ec5]
V  [jvm.dll+0x713e7b]
V  [jvm.dll+0x5dd7b8]
V  [jvm.dll+0x5ddf48]
C  [ntdll.dll+0xa111f]
C  [ntdll.dll+0x4b474]
C  [ntdll.dll+0x9fc4e]
C  0x000001832fbe0dad

VM_Operation (0x000000070adfbc70): CollectForMetadataAllocation, mode: safepoint, requested by thread 0x000001832c3ab000


---------------  P R O C E S S  ---------------

Threads class SMR info:
_java_thread_list=0x0000018346ee2b30, length=10, elements={
0x000001832c3ab000, 0x00000183463c9000, 0x00000183463f5000, 0x0000018346d79000,
0x0000018346d7b000, 0x0000018346d7c000, 0x0000018346d7f000, 0x0000018346d81800,
0x0000018346ede000, 0x0000018346ee7000
}

Java Threads: ( => current thread )
  0x000001832c3ab000 JavaThread "main" [_thread_blocked, id=22636, stack(0x000000070ad00000,0x000000070ae00000)]
  0x00000183463c9000 JavaThread "Reference Handler" daemon [_thread_blocked, id=6216, stack(0x000000070b400000,0x000000070b500000)]
  0x00000183463f5000 JavaThread "Finalizer" daemon [_thread_blocked, id=15620, stack(0x000000070b500000,0x000000070b600000)]
  0x0000018346d79000 JavaThread "Signal Dispatcher" daemon [_thread_blocked, id=15464, stack(0x000000070b600000,0x000000070b700000)]
  0x0000018346d7b000 JavaThread "Attach Listener" daemon [_thread_blocked, id=25132, stack(0x000000070b700000,0x000000070b800000)]
  0x0000018346d7c000 JavaThread "C2 CompilerThread0" daemon [_thread_blocked, id=17848, stack(0x000000070b800000,0x000000070b900000)]
  0x0000018346d7f000 JavaThread "C1 CompilerThread0" daemon [_thread_blocked, id=11376, stack(0x000000070b900000,0x000000070ba00000)]
  0x0000018346d81800 JavaThread "Sweeper thread" daemon [_thread_blocked, id=1404, stack(0x000000070ba00000,0x000000070bb00000)]
  0x0000018346ede000 JavaThread "Service Thread" daemon [_thread_blocked, id=30804, stack(0x000000070bb00000,0x000000070bc00000)]
  0x0000018346ee7000 JavaThread "Common-Cleaner" daemon [_thread_blocked, id=9168, stack(0x000000070bd00000,0x000000070be00000)]

Other Threads:
=>0x00000183463c7800 VMThread "VM Thread" [stack: 0x000000070b300000,0x000000070b400000] [id=11176]
  0x0000018346edf000 WatcherThread [stack: 0x000000070bc00000,0x000000070bd00000] [id=4768]
  0x000001832c3c4800 GCTaskThread "GC Thread#0" [stack: 0x000000070ae00000,0x000000070af00000] [id=11672]
  0x000001832c3f5800 ConcurrentGCThread "G1 Main Marker" [stack: 0x000000070af00000,0x000000070b000000] [id=4516]
  0x000001832c3f6800 ConcurrentGCThread "G1 Conc#0" [stack: 0x000000070b000000,0x000000070b100000] [id=13180]
  0x0000018346230800 ConcurrentGCThread "G1 Refine#0" [stack: 0x000000070b100000,0x000000070b200000] [id=26824]
  0x0000018346231800 ConcurrentGCThread "G1 Young RemSet Sampling" [stack: 0x000000070b200000,0x000000070b300000] [id=24296]

Threads with active compile tasks:

VM state:at safepoint (normal execution)

VM Mutex/Monitor currently owned by a thread:  ([mutex/lock_event])
[0x000001832c3a7960] Threads_lock - owner thread: 0x00000183463c7800
[0x000001832c3a7450] Heap_lock - owner thread: 0x000001832c3ab000

Heap address: 0x0000000082a00000, size: 2006 MB, Compressed Oops mode: 32-bit
Narrow klass base: 0x0000000000000000, Narrow klass shift: 3
Compressed class space size: 1073741824 Address: 0x0000000100000000

Heap:
 garbage-first heap   total 129024K, used 635K [0x0000000082a00000, 0x0000000100000000)
  region size 1024K, 1 young (1024K), 1 survivors (1024K)
 Metaspace       used 4967K, capacity 5040K, committed 5120K, reserved 1069056K
  class space    used 447K, capacity 464K, committed 512K, reserved 1048576K
Heap Regions: E=young(eden), S=young(survivor), O=old, HS=humongous(starts), HC=humongous(continues), CS=collection set, F=free, A=archive, TAMS=top-at-mark-start (previous, next)
|   0|0x0000000082a00000, 0x0000000082a00000, 0x0000000082b00000|  0%| F|  |TAMS 0x0000000082a00000, 0x0000000082a00000| Untracked 
|   1|0x0000000082b00000, 0x0000000082b00000, 0x0000000082c00000|  0%| F|  |TAMS 0x0000000082b00000, 0x0000000082b00000| Untracked 
|   2|0x0000000082c00000, 0x0000000082c00000, 0x0000000082d00000|  0%| F|  |TAMS 0x0000000082c00000, 0x0000000082c00000| Untracked 
|   3|0x0000000082d00000, 0x0000000082d00000, 0x0000000082e00000|  0%| F|  |TAMS 0x0000000082d00000, 0x0000000082d00000| Untracked 
|   4|0x0000000082e00000, 0x0000000082e00000, 0x0000000082f00000|  0%| F|  |TAMS 0x0000000082e00000, 0x0000000082e00000| Untracked 
|   5|0x0000000082f00000, 0x0000000082f00000, 0x0000000083000000|  0%| F|  |TAMS 0x0000000082f00000, 0x0000000082f00000| Untracked 
|   6|0x0000000083000000, 0x0000000083000000, 0x0000000083100000|  0%| F|  |TAMS 0x0000000083000000, 0x0000000083000000| Untracked 
|   7|0x0000000083100000, 0x0000000083100000, 0x0000000083200000|  0%| F|  |TAMS 0x0000000083100000, 0x0000000083100000| Untracked 
|   8|0x0000000083200000, 0x0000000083200000, 0x0000000083300000|  0%| F|  |TAMS 0x0000000083200000, 0x0000000083200000| Untracked 
|   9|0x0000000083300000, 0x0000000083300000, 0x0000000083400000|  0%| F|  |TAMS 0x0000000083300000, 0x0000000083300000| Untracked 
|  10|0x0000000083400000, 0x0000000083400000, 0x0000000083500000|  0%| F|  |TAMS 0x0000000083400000, 0x0000000083400000| Untracked 
|  11|0x0000000083500000, 0x0000000083500000, 0x0000000083600000|  0%| F|  |TAMS 0x0000000083500000, 0x0000000083500000| Untracked 
|  12|0x0000000083600000, 0x0000000083600000, 0x0000000083700000|  0%| F|  |TAMS 0x0000000083600000, 0x0000000083600000| Untracked 
|  13|0x0000000083700000, 0x0000000083700000, 0x0000000083800000|  0%| F|  |TAMS 0x0000000083700000, 0x0000000083700000| Untracked 
|  14|0x0000000083800000, 0x0000000083800000, 0x0000000083900000|  0%| F|  |TAMS 0x0000000083800000, 0x0000000083800000| Untracked 
|  15|0x0000000083900000, 0x0000000083900000, 0x0000000083a00000|  0%| F|  |TAMS 0x0000000083900000, 0x0000000083900000| Untracked 
|  16|0x0000000083a00000, 0x0000000083a00000, 0x0000000083b00000|  0%| F|  |TAMS 0x0000000083a00000, 0x0000000083a00000| Untracked 
|  17|0x0000000083b00000, 0x0000000083b00000, 0x0000000083c00000|  0%| F|  |TAMS 0x0000000083b00000, 0x0000000083b00000| Untracked 
|  18|0x0000000083c00000, 0x0000000083c00000, 0x0000000083d00000|  0%| F|  |TAMS 0x0000000083c00000, 0x0000000083c00000| Untracked 
|  19|0x0000000083d00000, 0x0000000083d00000, 0x0000000083e00000|  0%| F|  |TAMS 0x0000000083d00000, 0x0000000083d00000| Untracked 
|  20|0x0000000083e00000, 0x0000000083e00000, 0x0000000083f00000|  0%| F|  |TAMS 0x0000000083e00000, 0x0000000083e00000| Untracked 
|  21|0x0000000083f00000, 0x0000000083f00000, 0x0000000084000000|  0%| F|  |TAMS 0x0000000083f00000, 0x0000000083f00000| Untracked 
|  22|0x0000000084000000, 0x0000000084000000, 0x0000000084100000|  0%| F|  |TAMS 0x0000000084000000, 0x0000000084000000| Untracked 
|  23|0x0000000084100000, 0x0000000084100000, 0x0000000084200000|  0%| F|  |TAMS 0x0000000084100000, 0x0000000084100000| Untracked 
|  24|0x0000000084200000, 0x0000000084200000, 0x0000000084300000|  0%| F|  |TAMS 0x0000000084200000, 0x0000000084200000| Untracked 
|  25|0x0000000084300000, 0x0000000084300000, 0x0000000084400000|  0%| F|  |TAMS 0x0000000084300000, 0x0000000084300000| Untracked 
|  26|0x0000000084400000, 0x0000000084400000, 0x0000000084500000|  0%| F|  |TAMS 0x0000000084400000, 0x0000000084400000| Untracked 
|  27|0x0000000084500000, 0x0000000084500000, 0x0000000084600000|  0%| F|  |TAMS 0x0000000084500000, 0x0000000084500000| Untracked 
|  28|0x0000000084600000, 0x0000000084600000, 0x0000000084700000|  0%| F|  |TAMS 0x0000000084600000, 0x0000000084600000| Untracked 
|  29|0x0000000084700000, 0x0000000084700000, 0x0000000084800000|  0%| F|  |TAMS 0x0000000084700000, 0x0000000084700000| Untracked 
|  30|0x0000000084800000, 0x0000000084800000, 0x0000000084900000|  0%| F|  |TAMS 0x0000000084800000, 0x0000000084800000| Untracked 
|  31|0x0000000084900000, 0x0000000084900000, 0x0000000084a00000|  0%| F|  |TAMS 0x0000000084900000, 0x0000000084900000| Untracked 
|  32|0x0000000084a00000, 0x0000000084a00000, 0x0000000084b00000|  0%| F|  |TAMS 0x0000000084a00000, 0x0000000084a00000| Untracked 
|  33|0x0000000084b00000, 0x0000000084b00000, 0x0000000084c00000|  0%| F|  |TAMS 0x0000000084b00000, 0x0000000084b00000| Untracked 
|  34|0x0000000084c00000, 0x0000000084c00000, 0x0000000084d00000|  0%| F|  |TAMS 0x0000000084c00000, 0x0000000084c00000| Untracked 
|  35|0x0000000084d00000, 0x0000000084d00000, 0x0000000084e00000|  0%| F|  |TAMS 0x0000000084d00000, 0x0000000084d00000| Untracked 
|  36|0x0000000084e00000, 0x0000000084e00000, 0x0000000084f00000|  0%| F|  |TAMS 0x0000000084e00000, 0x0000000084e00000| Untracked 
|  37|0x0000000084f00000, 0x0000000084f00000, 0x0000000085000000|  0%| F|  |TAMS 0x0000000084f00000, 0x0000000084f00000| Untracked 
|  38|0x0000000085000000, 0x0000000085000000, 0x0000000085100000|  0%| F|  |TAMS 0x0000000085000000, 0x0000000085000000| Untracked 
|  39|0x0000000085100000, 0x0000000085100000, 0x0000000085200000|  0%| F|  |TAMS 0x0000000085100000, 0x0000000085100000| Untracked 
|  40|0x0000000085200000, 0x0000000085200000, 0x0000000085300000|  0%| F|  |TAMS 0x0000000085200000, 0x0000000085200000| Untracked 
|  41|0x0000000085300000, 0x0000000085300000, 0x0000000085400000|  0%| F|  |TAMS 0x0000000085300000, 0x0000000085300000| Untracked 
|  42|0x0000000085400000, 0x0000000085400000, 0x0000000085500000|  0%| F|  |TAMS 0x0000000085400000, 0x0000000085400000| Untracked 
|  43|0x0000000085500000, 0x0000000085500000, 0x0000000085600000|  0%| F|  |TAMS 0x0000000085500000, 0x0000000085500000| Untracked 
|  44|0x0000000085600000, 0x0000000085600000, 0x0000000085700000|  0%| F|  |TAMS 0x0000000085600000, 0x0000000085600000| Untracked 
|  45|0x0000000085700000, 0x0000000085700000, 0x0000000085800000|  0%| F|  |TAMS 0x0000000085700000, 0x0000000085700000| Untracked 
|  46|0x0000000085800000, 0x0000000085800000, 0x0000000085900000|  0%| F|  |TAMS 0x0000000085800000, 0x0000000085800000| Untracked 
|  47|0x0000000085900000, 0x0000000085900000, 0x0000000085a00000|  0%| F|  |TAMS 0x0000000085900000, 0x0000000085900000| Untracked 
|  48|0x0000000085a00000, 0x0000000085a00000, 0x0000000085b00000|  0%| F|  |TAMS 0x0000000085a00000, 0x0000000085a00000| Untracked 
|  49|0x0000000085b00000, 0x0000000085b00000, 0x0000000085c00000|  0%| F|  |TAMS 0x0000000085b00000, 0x0000000085b00000| Untracked 
|  50|0x0000000085c00000, 0x0000000085c00000, 0x0000000085d00000|  0%| F|  |TAMS 0x0000000085c00000, 0x0000000085c00000| Untracked 
|  51|0x0000000085d00000, 0x0000000085d00000, 0x0000000085e00000|  0%| F|  |TAMS 0x0000000085d00000, 0x0000000085d00000| Untracked 
|  52|0x0000000085e00000, 0x0000000085e00000, 0x0000000085f00000|  0%| F|  |TAMS 0x0000000085e00000, 0x0000000085e00000| Untracked 
|  53|0x0000000085f00000, 0x0000000085f00000, 0x0000000086000000|  0%| F|  |TAMS 0x0000000085f00000, 0x0000000085f00000| Untracked 
|  54|0x0000000086000000, 0x0000000086000000, 0x0000000086100000|  0%| F|  |TAMS 0x0000000086000000, 0x0000000086000000| Untracked 
|  55|0x0000000086100000, 0x0000000086100000, 0x0000000086200000|  0%| F|  |TAMS 0x0000000086100000, 0x0000000086100000| Untracked 
|  56|0x0000000086200000, 0x0000000086200000, 0x0000000086300000|  0%| F|  |TAMS 0x0000000086200000, 0x0000000086200000| Untracked 
|  57|0x0000000086300000, 0x0000000086300000, 0x0000000086400000|  0%| F|  |TAMS 0x0000000086300000, 0x0000000086300000| Untracked 
|  58|0x0000000086400000, 0x0000000086400000, 0x0000000086500000|  0%| F|  |TAMS 0x0000000086400000, 0x0000000086400000| Untracked 
|  59|0x0000000086500000, 0x0000000086500000, 0x0000000086600000|  0%| F|  |TAMS 0x0000000086500000, 0x0000000086500000| Untracked 
|  60|0x0000000086600000, 0x0000000086600000, 0x0000000086700000|  0%| F|  |TAMS 0x0000000086600000, 0x0000000086600000| Untracked 
|  61|0x0000000086700000, 0x0000000086700000, 0x0000000086800000|  0%| F|  |TAMS 0x0000000086700000, 0x0000000086700000| Untracked 
|  62|0x0000000086800000, 0x0000000086800000, 0x0000000086900000|  0%| F|  |TAMS 0x0000000086800000, 0x0000000086800000| Untracked 
|  63|0x0000000086900000, 0x0000000086900000, 0x0000000086a00000|  0%| F|  |TAMS 0x0000000086900000, 0x0000000086900000| Untracked 
|  64|0x0000000086a00000, 0x0000000086a00000, 0x0000000086b00000|  0%| F|  |TAMS 0x0000000086a00000, 0x0000000086a00000| Untracked 
|  65|0x0000000086b00000, 0x0000000086b00000, 0x0000000086c00000|  0%| F|  |TAMS 0x0000000086b00000, 0x0000000086b00000| Untracked 
|  66|0x0000000086c00000, 0x0000000086c00000, 0x0000000086d00000|  0%| F|  |TAMS 0x0000000086c00000, 0x0000000086c00000| Untracked 
|  67|0x0000000086d00000, 0x0000000086d00000, 0x0000000086e00000|  0%| F|  |TAMS 0x0000000086d00000, 0x0000000086d00000| Untracked 
|  68|0x0000000086e00000, 0x0000000086e00000, 0x0000000086f00000|  0%| F|  |TAMS 0x0000000086e00000, 0x0000000086e00000| Untracked 
|  69|0x0000000086f00000, 0x0000000086f00000, 0x0000000087000000|  0%| F|  |TAMS 0x0000000086f00000, 0x0000000086f00000| Untracked 
|  70|0x0000000087000000, 0x0000000087000000, 0x0000000087100000|  0%| F|  |TAMS 0x0000000087000000, 0x0000000087000000| Untracked 
|  71|0x0000000087100000, 0x0000000087100000, 0x0000000087200000|  0%| F|  |TAMS 0x0000000087100000, 0x0000000087100000| Untracked 
|  72|0x0000000087200000, 0x0000000087200000, 0x0000000087300000|  0%| F|  |TAMS 0x0000000087200000, 0x0000000087200000| Untracked 
|  73|0x0000000087300000, 0x0000000087300000, 0x0000000087400000|  0%| F|  |TAMS 0x0000000087300000, 0x0000000087300000| Untracked 
|  74|0x0000000087400000, 0x0000000087400000, 0x0000000087500000|  0%| F|  |TAMS 0x0000000087400000, 0x0000000087400000| Untracked 
|  75|0x0000000087500000, 0x0000000087500000, 0x0000000087600000|  0%| F|  |TAMS 0x0000000087500000, 0x0000000087500000| Untracked 
|  76|0x0000000087600000, 0x0000000087600000, 0x0000000087700000|  0%| F|  |TAMS 0x0000000087600000, 0x0000000087600000| Untracked 
|  77|0x0000000087700000, 0x0000000087700000, 0x0000000087800000|  0%| F|  |TAMS 0x0000000087700000, 0x0000000087700000| Untracked 
|  78|0x0000000087800000, 0x0000000087800000, 0x0000000087900000|  0%| F|  |TAMS 0x0000000087800000, 0x0000000087800000| Untracked 
|  79|0x0000000087900000, 0x0000000087900000, 0x0000000087a00000|  0%| F|  |TAMS 0x0000000087900000, 0x0000000087900000| Untracked 
|  80|0x0000000087a00000, 0x0000000087a00000, 0x0000000087b00000|  0%| F|  |TAMS 0x0000000087a00000, 0x0000000087a00000| Untracked 
|  81|0x0000000087b00000, 0x0000000087b00000, 0x0000000087c00000|  0%| F|  |TAMS 0x0000000087b00000, 0x0000000087b00000| Untracked 
|  82|0x0000000087c00000, 0x0000000087c00000, 0x0000000087d00000|  0%| F|  |TAMS 0x0000000087c00000, 0x0000000087c00000| Untracked 
|  83|0x0000000087d00000, 0x0000000087d00000, 0x0000000087e00000|  0%| F|  |TAMS 0x0000000087d00000, 0x0000000087d00000| Untracked 
|  84|0x0000000087e00000, 0x0000000087e00000, 0x0000000087f00000|  0%| F|  |TAMS 0x0000000087e00000, 0x0000000087e00000| Untracked 
|  85|0x0000000087f00000, 0x0000000087f00000, 0x0000000088000000|  0%| F|  |TAMS 0x0000000087f00000, 0x0000000087f00000| Untracked 
|  86|0x0000000088000000, 0x0000000088000000, 0x0000000088100000|  0%| F|  |TAMS 0x0000000088000000, 0x0000000088000000| Untracked 
|  87|0x0000000088100000, 0x0000000088100000, 0x0000000088200000|  0%| F|  |TAMS 0x0000000088100000, 0x0000000088100000| Untracked 
|  88|0x0000000088200000, 0x0000000088200000, 0x0000000088300000|  0%| F|  |TAMS 0x0000000088200000, 0x0000000088200000| Untracked 
|  89|0x0000000088300000, 0x0000000088300000, 0x0000000088400000|  0%| F|  |TAMS 0x0000000088300000, 0x0000000088300000| Untracked 
|  90|0x0000000088400000, 0x0000000088400000, 0x0000000088500000|  0%| F|  |TAMS 0x0000000088400000, 0x0000000088400000| Untracked 
|  91|0x0000000088500000, 0x0000000088500000, 0x0000000088600000|  0%| F|  |TAMS 0x0000000088500000, 0x0000000088500000| Untracked 
|  92|0x0000000088600000, 0x0000000088600000, 0x0000000088700000|  0%| F|  |TAMS 0x0000000088600000, 0x0000000088600000| Untracked 
|  93|0x0000000088700000, 0x0000000088700000, 0x0000000088800000|  0%| F|  |TAMS 0x0000000088700000, 0x0000000088700000| Untracked 
|  94|0x0000000088800000, 0x0000000088800000, 0x0000000088900000|  0%| F|  |TAMS 0x0000000088800000, 0x0000000088800000| Untracked 
|  95|0x0000000088900000, 0x0000000088900000, 0x0000000088a00000|  0%| F|  |TAMS 0x0000000088900000, 0x0000000088900000| Untracked 
|  96|0x0000000088a00000, 0x0000000088a00000, 0x0000000088b00000|  0%| F|  |TAMS 0x0000000088a00000, 0x0000000088a00000| Untracked 
|  97|0x0000000088b00000, 0x0000000088b00000, 0x0000000088c00000|  0%| F|  |TAMS 0x0000000088b00000, 0x0000000088b00000| Untracked 
|  98|0x0000000088c00000, 0x0000000088c00000, 0x0000000088d00000|  0%| F|  |TAMS 0x0000000088c00000, 0x0000000088c00000| Untracked 
|  99|0x0000000088d00000, 0x0000000088d00000, 0x0000000088e00000|  0%| F|  |TAMS 0x0000000088d00000, 0x0000000088d00000| Untracked 
| 100|0x0000000088e00000, 0x0000000088e00000, 0x0000000088f00000|  0%| F|  |TAMS 0x0000000088e00000, 0x0000000088e00000| Untracked 
| 101|0x0000000088f00000, 0x0000000088f00000, 0x0000000089000000|  0%| F|  |TAMS 0x0000000088f00000, 0x0000000088f00000| Untracked 
| 102|0x0000000089000000, 0x0000000089000000, 0x0000000089100000|  0%| F|  |TAMS 0x0000000089000000, 0x0000000089000000| Untracked 
| 103|0x0000000089100000, 0x0000000089100000, 0x0000000089200000|  0%| F|  |TAMS 0x0000000089100000, 0x0000000089100000| Untracked 
| 104|0x0000000089200000, 0x0000000089200000, 0x0000000089300000|  0%| F|  |TAMS 0x0000000089200000, 0x0000000089200000| Untracked 
| 105|0x0000000089300000, 0x0000000089300000, 0x0000000089400000|  0%| F|  |TAMS 0x0000000089300000, 0x0000000089300000| Untracked 
| 106|0x0000000089400000, 0x0000000089400000, 0x0000000089500000|  0%| F|  |TAMS 0x0000000089400000, 0x0000000089400000| Untracked 
| 107|0x0000000089500000, 0x0000000089500000, 0x0000000089600000|  0%| F|  |TAMS 0x0000000089500000, 0x0000000089500000| Untracked 
| 108|0x0000000089600000, 0x0000000089600000, 0x0000000089700000|  0%| F|  |TAMS 0x0000000089600000, 0x0000000089600000| Untracked 
| 109|0x0000000089700000, 0x0000000089700000, 0x0000000089800000|  0%| F|  |TAMS 0x0000000089700000, 0x0000000089700000| Untracked 
| 110|0x0000000089800000, 0x0000000089800000, 0x0000000089900000|  0%| F|  |TAMS 0x0000000089800000, 0x0000000089800000| Untracked 
| 111|0x0000000089900000, 0x0000000089900000, 0x0000000089a00000|  0%| F|  |TAMS 0x0000000089900000, 0x0000000089900000| Untracked 
| 112|0x0000000089a00000, 0x0000000089a00000, 0x0000000089b00000|  0%| F|  |TAMS 0x0000000089a00000, 0x0000000089a00000| Untracked 
| 113|0x0000000089b00000, 0x0000000089b00000, 0x0000000089c00000|  0%| F|  |TAMS 0x0000000089b00000, 0x0000000089b00000| Untracked 
| 114|0x0000000089c00000, 0x0000000089c00000, 0x0000000089d00000|  0%| F|  |TAMS 0x0000000089c00000, 0x0000000089c00000| Untracked 
| 115|0x0000000089d00000, 0x0000000089d00000, 0x0000000089e00000|  0%| F|  |TAMS 0x0000000089d00000, 0x0000000089d00000| Untracked 
| 116|0x0000000089e00000, 0x0000000089e00000, 0x0000000089f00000|  0%| F|  |TAMS 0x0000000089e00000, 0x0000000089e00000| Untracked 
| 117|0x0000000089f00000, 0x0000000089f00000, 0x000000008a000000|  0%| F|  |TAMS 0x0000000089f00000, 0x0000000089f00000| Untracked 
| 118|0x000000008a000000, 0x000000008a000000, 0x000000008a100000|  0%| F|  |TAMS 0x000000008a000000, 0x000000008a000000| Untracked 
| 119|0x000000008a100000, 0x000000008a100000, 0x000000008a200000|  0%| F|  |TAMS 0x000000008a100000, 0x000000008a100000| Untracked 
| 120|0x000000008a200000, 0x000000008a200000, 0x000000008a300000|  0%| F|  |TAMS 0x000000008a200000, 0x000000008a200000| Untracked 
| 121|0x000000008a300000, 0x000000008a300000, 0x000000008a400000|  0%| F|  |TAMS 0x000000008a300000, 0x000000008a300000| Untracked 
| 122|0x000000008a400000, 0x000000008a400000, 0x000000008a500000|  0%| F|  |TAMS 0x000000008a400000, 0x000000008a400000| Untracked 
| 123|0x000000008a500000, 0x000000008a59eee8, 0x000000008a600000| 62%| S|CS|TAMS 0x000000008a500000, 0x000000008a500000| Complete 
| 124|0x000000008a600000, 0x000000008a600000, 0x000000008a700000|  0%| F|  |TAMS 0x000000008a600000, 0x000000008a600000| Untracked 
| 125|0x000000008a700000, 0x000000008a700000, 0x000000008a800000|  0%| F|  |TAMS 0x000000008a700000, 0x000000008a700000| Untracked 

Card table byte_map: [0x000001833f300000,0x000001833f6f0000] _byte_map_base: 0x000001833eeeb000

Marking Bits (Prev, Next): (CMBitMap*) 0x000001832c3ec9b8, (CMBitMap*) 0x000001832c3ec9f0
 Prev Bits: [0x000001833fae0000, 0x0000018341a38000)
 Next Bits: [0x0000018341a40000, 0x0000018343998000)

Polling page: 0x000001832bb90000

Metaspace:

Usage:
  Non-class:      4.47 MB capacity,     4.41 MB ( 99%) used,    55.32 KB (  1%) free+waste,     1.00 KB ( <1%) overhead. 
      Class:    464.00 KB capacity,   447.70 KB ( 96%) used,    15.61 KB (  3%) free+waste,   704 bytes ( <1%) overhead. 
       Both:      4.92 MB capacity,     4.85 MB ( 99%) used,    70.93 KB (  1%) free+waste,     1.69 KB ( <1%) overhead. 

Virtual space:
  Non-class space:       20.00 MB reserved,       4.50 MB ( 23%) committed 
      Class space:        1.00 GB reserved,     512.00 KB ( <1%) committed 
             Both:        1.02 GB reserved,       5.00 MB ( <1%) committed 

Chunk freelists:
   Non-Class:  32.00 KB
       Class:  16.00 KB
        Both:  48.00 KB

MaxMetaspaceSize: 17179869184.00 GB
CompressedClassSpaceSize: 1.00 GB

CodeHeap 'non-profiled nmethods': size=120000Kb used=18Kb max_used=18Kb free=119981Kb
 bounds [0x00000183376b0000, 0x0000018337920000, 0x000001833ebe0000]
CodeHeap 'profiled nmethods': size=120000Kb used=150Kb max_used=150Kb free=119849Kb
 bounds [0x0000018330180000, 0x00000183303f0000, 0x00000183376b0000]
CodeHeap 'non-nmethods': size=5760Kb used=1018Kb max_used=1030Kb free=4741Kb
 bounds [0x000001832fbe0000, 0x000001832fe50000, 0x0000018330180000]
 total_blobs=401 nmethods=107 adapters=206
 compilation: enabled
              stopped_count=0, restarted_count=0
 full_count=0

Compilation events (20 events):
Event: 0.452 Thread 0x0000018346d7f000 nmethod 99 0x00000183301a2a90 code [0x00000183301a2c60, 0x00000183301a2ef8]
Event: 0.452 Thread 0x0000018346d7f000   97       3       java.lang.Character::toUpperCase (6 bytes)
Event: 0.452 Thread 0x0000018346d7f000 nmethod 97 0x00000183301a3010 code [0x00000183301a31e0, 0x00000183301a3418]
Event: 0.452 Thread 0x0000018346d7f000   98       3       java.lang.Character::toUpperCase (9 bytes)
Event: 0.452 Thread 0x0000018346d7c000 nmethod 100 0x00000183376b4090 code [0x00000183376b4220, 0x00000183376b42b8]
Event: 0.452 Thread 0x0000018346d7f000 nmethod 98 0x00000183301a3510 code [0x00000183301a36e0, 0x00000183301a38b8]
Event: 0.452 Thread 0x0000018346d7f000  101       3       java.util.TreeMap::parentOf (13 bytes)
Event: 0.452 Thread 0x0000018346d7f000 nmethod 101 0x00000183301a3990 code [0x00000183301a3b40, 0x00000183301a3c98]
Event: 0.454 Thread 0x0000018346d7c000  102       4       java.lang.String::coder (15 bytes)
Event: 0.455 Thread 0x0000018346d7c000 nmethod 102 0x00000183376b4390 code [0x00000183376b4520, 0x00000183376b4578]
Event: 0.455 Thread 0x0000018346d7c000  103       4       java.lang.String::charAt (25 bytes)
Event: 0.455 Thread 0x0000018346d7f000  104       3       java.lang.AbstractStringBuilder::putStringAt (29 bytes)
Event: 0.456 Thread 0x0000018346d7f000 nmethod 104 0x00000183301a3d90 code [0x00000183301a3f80, 0x00000183301a4278]
Event: 0.456 Thread 0x0000018346d7c000 nmethod 103 0x00000183376b4610 code [0x00000183376b47c0, 0x00000183376b4898]
Event: 0.457 Thread 0x0000018346d7f000  105       3       java.lang.StringLatin1::lastIndexOf (40 bytes)
Event: 0.457 Thread 0x0000018346d7f000 nmethod 105 0x00000183301a4390 code [0x00000183301a4560, 0x00000183301a4918]
Event: 0.458 Thread 0x0000018346d7f000  106       3       java.lang.String::substring (58 bytes)
Event: 0.458 Thread 0x0000018346d7f000 nmethod 106 0x00000183301a4a90 code [0x00000183301a4cc0, 0x00000183301a5348]
Event: 0.459 Thread 0x0000018346d7f000  107       3       java.lang.System::getSecurityManager (4 bytes)
Event: 0.459 Thread 0x0000018346d7f000 nmethod 107 0x00000183301a5590 code [0x00000183301a5740, 0x00000183301a5838]

GC Heap History (2 events):
Event: 0.469 GC heap before
{Heap before GC invocations=0 (full 0):
 garbage-first heap   total 129024K, used 1024K [0x0000000082a00000, 0x0000000100000000)
  region size 1024K, 2 young (2048K), 0 survivors (0K)
 Metaspace       used 4967K, capacity 5040K, committed 5120K, reserved 1067008K
  class space    used 447K, capacity 464K, committed 512K, reserved 1048576K
}
Event: 0.475 GC heap after
{Heap after GC invocations=1 (full 0):
 garbage-first heap   total 129024K, used 635K [0x0000000082a00000, 0x0000000100000000)
  region size 1024K, 1 young (1024K), 1 survivors (1024K)
 Metaspace       used 4967K, capacity 5040K, committed 5120K, reserved 1067008K
  class space    used 447K, capacity 464K, committed 512K, reserved 1048576K
}

Deoptimization events (0 events):
No events

Classes redefined (0 events):
No events

Internal exceptions (0 events):
No events

Events (20 events):
Event: 0.465 loading class java/util/stream/ReferencePipeline$Head
Event: 0.466 loading class java/util/stream/ReferencePipeline
Event: 0.466 loading class java/util/stream/Stream
Event: 0.466 loading class java/util/stream/BaseStream
Event: 0.466 loading class java/util/stream/BaseStream done
Event: 0.466 loading class java/util/stream/Stream done
Event: 0.467 loading class java/util/stream/AbstractPipeline
Event: 0.467 loading class java/util/stream/PipelineHelper
Event: 0.467 loading class java/util/stream/PipelineHelper done
Event: 0.467 loading class java/util/stream/AbstractPipeline done
Event: 0.467 loading class java/util/stream/ReferencePipeline done
Event: 0.467 loading class java/util/stream/ReferencePipeline$Head done
Event: 0.468 loading class java/util/stream/StreamOpFlag
Event: 0.468 loading class java/util/stream/StreamOpFlag done
Event: 0.468 loading class java/util/stream/StreamOpFlag$Type
Event: 0.468 loading class java/util/stream/StreamOpFlag$Type done
Event: 0.468 loading class java/util/stream/StreamOpFlag$MaskBuilder
Event: 0.468 loading class java/util/stream/StreamOpFlag$MaskBuilder done
Event: 0.468 loading class java/util/EnumMap
Event: 0.469 Executing VM operation: CollectForMetadataAllocation


Dynamic libraries:
0x00007ff708eb0000 - 0x00007ff708eba000 	C:\Program Files\JetBrains\IntelliJ IDEA 2020.2.3\jbr\bin\java.exe
0x00007ffe6b090000 - 0x00007ffe6b285000 	C:\Windows\SYSTEM32\ntdll.dll
0x00007ffe6a330000 - 0x00007ffe6a3ed000 	C:\Windows\System32\KERNEL32.DLL
0x00007ffe68890000 - 0x00007ffe68b57000 	C:\Windows\System32\KERNELBASE.dll
0x00007ffe68cc0000 - 0x00007ffe68dc0000 	C:\Windows\System32\ucrtbase.dll
0x00007ffe529a0000 - 0x00007ffe529b7000 	C:\Program Files\JetBrains\IntelliJ IDEA 2020.2.3\jbr\bin\VCRUNTIME140.dll
0x00007ffe468e0000 - 0x00007ffe468f9000 	C:\Program Files\JetBrains\IntelliJ IDEA 2020.2.3\jbr\bin\jli.dll
0x00007ffe6a190000 - 0x00007ffe6a330000 	C:\Windows\System32\USER32.dll
0x00007ffe57ab0000 - 0x00007ffe57d4a000 	C:\Windows\WinSxS\amd64_microsoft.windows.common-controls_6595b64144ccf1df_6.0.19041.1_none_b555e41d4684ddec\COMCTL32.dll
0x00007ffe68ed0000 - 0x00007ffe68ef2000 	C:\Windows\System32\win32u.dll
0x00007ffe6a750000 - 0x00007ffe6a7ee000 	C:\Windows\System32\msvcrt.dll
0x00007ffe69180000 - 0x00007ffe691aa000 	C:\Windows\System32\GDI32.dll
0x00007ffe68dc0000 - 0x00007ffe68eca000 	C:\Windows\System32\gdi32full.dll
0x00007ffe69060000 - 0x00007ffe690fd000 	C:\Windows\System32\msvcp_win.dll
0x00007ffe6ad80000 - 0x00007ffe6adb0000 	C:\Windows\System32\IMM32.DLL
0x00007ffe35550000 - 0x00007ffe355ed000 	C:\Program Files\JetBrains\IntelliJ IDEA 2020.2.3\jbr\bin\msvcp140.dll
0x00007ffe17d20000 - 0x00007ffe187dd000 	C:\Program Files\JetBrains\IntelliJ IDEA 2020.2.3\jbr\bin\server\jvm.dll
0x00007ffe69ff0000 - 0x00007ffe6a09a000 	C:\Windows\System32\ADVAPI32.dll
0x00007ffe6a3f0000 - 0x00007ffe6a48b000 	C:\Windows\System32\sechost.dll
0x00007ffe69da0000 - 0x00007ffe69ec3000 	C:\Windows\System32\RPCRT4.dll
0x00007ffe698f0000 - 0x00007ffe698f8000 	C:\Windows\System32\PSAPI.DLL
0x00007ffe58220000 - 0x00007ffe58247000 	C:\Windows\SYSTEM32\WINMM.dll
0x00007ffe61910000 - 0x00007ffe6191a000 	C:\Windows\SYSTEM32\VERSION.dll
0x00007ffe4e6b0000 - 0x00007ffe4e6b9000 	C:\Windows\SYSTEM32\WSOCK32.dll
0x00007ffe6adb0000 - 0x00007ffe6ae1b000 	C:\Windows\System32\WS2_32.dll
0x00007ffe670f0000 - 0x00007ffe67103000 	C:\Windows\SYSTEM32\kernel.appcore.dll
0x00007ffe58030000 - 0x00007ffe58041000 	C:\Program Files\JetBrains\IntelliJ IDEA 2020.2.3\jbr\bin\verify.dll
0x00007ffe66660000 - 0x00007ffe66844000 	C:\Windows\SYSTEM32\DBGHELP.DLL
0x00007ffe4e840000 - 0x00007ffe4e86c000 	C:\Windows\SYSTEM32\dbgcore.DLL
0x00007ffe68c40000 - 0x00007ffe68cbf000 	C:\Windows\System32\bcryptPrimitives.dll
0x00007ffe55ec0000 - 0x00007ffe55ee9000 	C:\Program Files\JetBrains\IntelliJ IDEA 2020.2.3\jbr\bin\java.dll
0x00007ffe59b30000 - 0x00007ffe59b3b000 	C:\Program Files\JetBrains\IntelliJ IDEA 2020.2.3\jbr\bin\jimage.dll
0x00007ffe58010000 - 0x00007ffe58028000 	C:\Program Files\JetBrains\IntelliJ IDEA 2020.2.3\jbr\bin\zip.dll
0x00007ffe691b0000 - 0x00007ffe698f0000 	C:\Windows\System32\SHELL32.dll
0x00007ffe66850000 - 0x00007ffe66fe1000 	C:\Windows\SYSTEM32\windows.storage.dll
0x00007ffe69910000 - 0x00007ffe69c63000 	C:\Windows\System32\combase.dll
0x00007ffe68260000 - 0x00007ffe6828c000 	C:\Windows\SYSTEM32\Wldp.dll
0x00007ffe69f40000 - 0x00007ffe69fee000 	C:\Windows\System32\SHCORE.dll
0x00007ffe69ee0000 - 0x00007ffe69f35000 	C:\Windows\System32\shlwapi.dll
0x00007ffe68720000 - 0x00007ffe6873f000 	C:\Windows\SYSTEM32\profapi.dll
0x00007ffe59b70000 - 0x00007ffe59b8a000 	C:\Program Files\JetBrains\IntelliJ IDEA 2020.2.3\jbr\bin\net.dll
0x00007ffe625d0000 - 0x00007ffe626d0000 	C:\Windows\SYSTEM32\WINHTTP.dll
0x00007ffe67fe0000 - 0x00007ffe6804a000 	C:\Windows\system32\mswsock.dll
0x00007ffe59b50000 - 0x00007ffe59b64000 	C:\Program Files\JetBrains\IntelliJ IDEA 2020.2.3\jbr\bin\nio.dll

dbghelp: loaded successfully - version: 4.0.5 - missing functions: none
symbol engine: initialized successfully - sym options: 0x614 - pdb path: .;C:\Program Files\JetBrains\IntelliJ IDEA 2020.2.3\jbr\bin;C:\Windows\SYSTEM32;C:\Windows\WinSxS\amd64_microsoft.windows.common-controls_6595b64144ccf1df_6.0.19041.1_none_b555e41d4684ddec;C:\Program Files\JetBrains\IntelliJ IDEA 2020.2.3\jbr\bin\server

VM Arguments:
java_command: org.jetbrains.git4idea.http.GitAskPassApp Username for 'https://github.com': 
java_class_path (initial): C:/Program Files/JetBrains/IntelliJ IDEA 2020.2.3/plugins/git4idea/lib/git4idea-rt.jar;C:/Program Files/JetBrains/IntelliJ IDEA 2020.2.3/lib/xmlrpc-2.0.1.jar;C:/Program Files/JetBrains/IntelliJ IDEA 2020.2.3/lib/commons-codec-1.14.jar
Launcher Type: SUN_STANDARD

[Global flags]
     intx CICompilerCount                          = 4                                         {product} {ergonomic}
     uint ConcGCThreads                            = 2                                         {product} {ergonomic}
     uint G1ConcRefinementThreads                  = 8                                         {product} {ergonomic}
   size_t G1HeapRegionSize                         = 1048576                                   {product} {ergonomic}
    uintx GCDrainStackTargetSize                   = 64                                        {product} {ergonomic}
   size_t InitialHeapSize                          = 132120576                                 {product} {ergonomic}
   size_t MarkStackSize                            = 4194304                                   {product} {ergonomic}
   size_t MaxHeapSize                              = 2103443456                                {product} {ergonomic}
   size_t MaxNewSize                               = 1261436928                                {product} {ergonomic}
   size_t MinHeapDeltaBytes                        = 1048576                                   {product} {ergonomic}
    uintx NonNMethodCodeHeapSize                   = 5836300                                {pd product} {ergonomic}
    uintx NonProfiledCodeHeapSize                  = 122910970                              {pd product} {ergonomic}
    uintx ProfiledCodeHeapSize                     = 122910970                              {pd product} {ergonomic}
    uintx ReservedCodeCacheSize                    = 251658240                              {pd product} {ergonomic}
     bool SegmentedCodeCache                       = true                                      {product} {ergonomic}
     bool UseCompressedClassPointers               = true                                 {lp64_product} {ergonomic}
     bool UseCompressedOops                        = true                                 {lp64_product} {ergonomic}
     bool UseG1GC                                  = true                                      {product} {ergonomic}
     bool UseLargePagesIndividualAllocation        = false                                  {pd product} {ergonomic}

Logging:
Log output configuration:
 #0: stdout all=warning uptime,level,tags
 #1: stderr all=off uptime,level,tags

Environment Variables:
PATH=C:\Program Files\Git\mingw64\libexec\git-core;C:\Program Files\Git\mingw64\libexec\git-core;C:\Program Files\Git\mingw64\bin;C:\Program Files\Git\usr\bin;C:\Users\lenas\bin;C:\Windows\system32;C:\Windows;C:\Windows\System32\Wbem;C:\Windows\System32\WindowsPowerShell\v1.0;C:\Windows\System32\OpenSSH;C:\Program Files\Git\cmd;C:\Users\lenas\AppData\Local\Programs\Python\Python39-32\Scripts;C:\Users\lenas\AppData\Local\Programs\Python\Python39-32;C:\Users\lenas\AppData\Local\Microsoft\WindowsApps;C:\Program Files\JetBrains\IntelliJ IDEA Community Edition 2020.2.2\bin;C:\Program Files\JetBrains\IntelliJ IDEA 2020.2.3\bin;C:\Program Files\JetBrains\PyCharm 2020.3.3\bin
USERNAME=lenas
DISPLAY=:0.0
LC_ALL=en_US.UTF-8
OS=Windows_NT
PROCESSOR_IDENTIFIER=Intel64 Family 6 Model 142 Stepping 12, GenuineIntel



---------------  S Y S T E M  ---------------

OS: Windows 10 , 64 bit Build 19041 (10.0.19041.292)
OS uptime: 16 days 23:11 hours

CPU:total 8 (initial active 8) (4 cores per cpu, 2 threads per core) family 6 model 142 stepping 12, cmov, cx8, fxsr, mmx, sse, sse2, sse3, ssse3, sse4.1, sse4.2, popcnt, avx, avx2, aes, clmul, erms, 3dnowpref, lzcnt, ht, tsc, tscinvbit, bmi1, bmi2, adx, fma

Memory: 4k page, system-wide physical 8022M (411M free)
TotalPageFile size 26772M (AvailPageFile size 0M)
current process WorkingSet (physical memory assigned to process): 35M, peak: 35M
current process commit charge ("private bytes"): 201M, peak: 202M

vm_info: OpenJDK 64-Bit Server VM (11.0.8+10-b944.34) for windows-amd64 JRE (11.0.8+10-b944.34), built on Sep 11 2020 15:32:11 by "" with MS VC++ 14.0 (VS2015)

END.
